   1              		.arch armv7-a
   2              		.eabi_attribute 28, 1
   3              		.fpu neon-vfpv4
   4              		.eabi_attribute 20, 1
   5              		.eabi_attribute 21, 1
   6              		.eabi_attribute 23, 3
   7              		.eabi_attribute 24, 1
   8              		.eabi_attribute 25, 1
   9              		.eabi_attribute 26, 1
  10              		.eabi_attribute 30, 2
  11              		.eabi_attribute 34, 1
  12              		.eabi_attribute 18, 4
  13              		.file	"main.c"
  14              		.section	.text.startup,"ax",%progbits
  15              		.align	2
  16              		.global	main
  17              		.syntax unified
  18              		.arm
  20              	main:
  21              		@ args = 0, pretend = 0, frame = 0
  22              		@ frame_needed = 0, uses_anonymous_args = 0
  23 0000 10402DE9 		push	{r4, lr}
  24 0004 FEFFFFEB 		bl	init_uart
  25 0008 000000E3 		movw	r0, #:lower16:.LANCHOR0
  26 000c 000040E3 		movt	r0, #:upper16:.LANCHOR0
  27 0010 FEFFFFEB 		bl	put_string
  28 0014 000000E3 		movw	r0, #:lower16:.LANCHOR0
  29 0018 000040E3 		movt	r0, #:upper16:.LANCHOR0
  30 001c FEFFFFEB 		bl	put_string
  31 0020 000000E3 		movw	r0, #:lower16:.LANCHOR0
  32 0024 000040E3 		movt	r0, #:upper16:.LANCHOR0
  33 0028 FEFFFFEB 		bl	put_string
  34 002c 000000E3 		movw	r0, #:lower16:.LANCHOR0
  35 0030 000040E3 		movt	r0, #:upper16:.LANCHOR0
  36 0034 FEFFFFEB 		bl	put_string
  37 0038 000000E3 		movw	r0, #:lower16:.LANCHOR0
  38 003c 000040E3 		movt	r0, #:upper16:.LANCHOR0
  39 0040 FEFFFFEB 		bl	put_string
  40 0044 000000E3 		movw	r0, #:lower16:.LANCHOR0
  41 0048 000040E3 		movt	r0, #:upper16:.LANCHOR0
  42 004c FEFFFFEB 		bl	put_string
  43              	.L2:
  44 0050 FEFFFFEA 		b	.L2
  46              		.section	.rodata
  47              		.align	2
  48              		.set	.LANCHOR0,. + 0
  49              	.LC0:
  50 0000 48656C6C 		.ascii	"Hello, World!\015\012\000\000"
  50      6F2C2057 
  50      6F726C64 
  50      210D0A00 
  50      00
  51 0011 000000   		.ident	"GCC: (Linaro GCC 5.3-2016.02) 5.3.1 20160113"
